-------------------------------------------------------------------------------
Test set: MyCollectionTest
-------------------------------------------------------------------------------
Tests run: 1, Failures: 1, Errors: 0, Skipped: 0, Time elapsed: 0.003 sec <<< FAILURE!
MyCollectionTest.testAdd()  Time elapsed: 0.002 sec  <<< FAILURE!
java.lang.NullPointerException
	at MyCollectionTest.testAdd(MyCollectionTest.java:41)

